This file contains any messages produced by compilers while
running configure, to aid debugging if configure makes a mistake.

It was created by configure, which was
generated by GNU Autoconf 2.67.  Invocation command line was

  $ ./configure --prefix=/home/atlas/thomps51/ttH/Test/

## --------- ##
## Platform. ##
## --------- ##

hostname = lx2.hep.uiuc.edu
uname -m = i686
uname -r = 2.6.18-348.6.1.el5PAE
uname -s = Linux
uname -v = #1 SMP Tue May 21 16:22:36 EDT 2013

/usr/bin/uname -p = unknown
/bin/uname -X     = unknown

/bin/arch              = i686
/usr/bin/arch -k       = unknown
/usr/convex/getsysinfo = unknown
/usr/bin/hostinfo      = unknown
/bin/machine           = unknown
/usr/bin/oslevel       = unknown
/bin/universe          = unknown

PATH: /home/osg/manageTier3SW/ATLASLocalRootBase/i686/xrootd/3.2.4-i686-slc5/v3.2.4/bin
PATH: /home/osg/manageTier3SW/ATLASLocalRootBase/i686/root/5.34.07-i686-slc5-gcc4.3/bin
PATH: /home/osg/manageTier3SW/ATLASLocalRootBase/i686/Gcc/gcc435_i686_slc5/gcc-alt-435/i686-slc5-gcc43-opt/bin
PATH: /home/osg/manageTier3SW/ATLASLocalRootBase/i686/PandaClient/0.4.25/bin
PATH: /home/osg/manageTier3SW/ATLASLocalRootBase/i686/DQ2Client/2.4.0_patch1/DQ2Clients/opt/dq2/bin
PATH: /home/osg/manageTier3SW/ATLASLocalRootBase/i686/python/2.6.5p1-i686-slc5-gcc43/sw/lcg/external/Python/2.6.5p1/i686-slc5-gcc43-opt/bin
PATH: /home/osg/manageTier3SW/ATLASLocalRootBase/i686/gLite/3.1.38-0/d-cache/srm/bin
PATH: /home/osg/manageTier3SW/ATLASLocalRootBase/i686/gLite/3.1.38-0/d-cache/dcap/bin
PATH: /home/osg/manageTier3SW/ATLASLocalRootBase/i686/gLite/3.1.38-0/edg/bin
PATH: /home/osg/manageTier3SW/ATLASLocalRootBase/i686/gLite/3.1.38-0/glite/bin
PATH: /home/osg/manageTier3SW/ATLASLocalRootBase/i686/gLite/3.1.38-0/globus/bin
PATH: /home/osg/manageTier3SW/ATLASLocalRootBase/i686/gLite/3.1.38-0/lcg/bin
PATH: /home/osg/manageTier3SW/ATLASLocalRootBase/i686/Pacman/pacman-3.29/bin
PATH: /usr/local/condor/7.6.6/i386/bin
PATH: /usr/local/condor/7.6.6/i386/sbin
PATH: /usr/products.v4/ups/prd/ups/v4_7_2/Linux-2/bin
PATH: /usr/kerberos/bin
PATH: /usr/local/bin
PATH: /bin
PATH: /usr/bin
PATH: /home/atlas/thomps51/bin


## ----------- ##
## Core tests. ##
## ----------- ##

configure:2514: checking for a BSD-compatible install
configure:2582: result: /usr/bin/install -c
configure:2593: checking whether build environment is sane
configure:2643: result: yes
configure:2784: checking for a thread-safe mkdir -p
configure:2823: result: /bin/mkdir -p
configure:2836: checking for gawk
configure:2852: found /bin/gawk
configure:2863: result: gawk
configure:2874: checking whether make sets $(MAKE)
configure:2896: result: yes
configure:3036: checking for g++
configure:3052: found /home/osg/manageTier3SW/ATLASLocalRootBase/i686/Gcc/gcc435_i686_slc5/gcc-alt-435/i686-slc5-gcc43-opt/bin/g++
configure:3063: result: g++
configure:3090: checking for C++ compiler version
configure:3099: g++ --version >&5
g++ (GCC) 4.3.5
Copyright (C) 2008 Free Software Foundation, Inc.
This is free software; see the source for copying conditions.  There is NO
warranty; not even for MERCHANTABILITY or FITNESS FOR A PARTICULAR PURPOSE.

configure:3110: $? = 0
configure:3099: g++ -v >&5
Using built-in specs.
Target: i686-pc-linux-gnu
Configured with: /build/hegner/LCGCMT/work/gcc-4.3.5/configure --prefix=/afs/.cern.ch/sw/lcg/contrib/gcc/4.3.5/i686-slc5-gcc34-opt --with-mpfr=/afs/.cern.ch/sw/lcg/external/mpfr//i686-slc5-gcc34-opt --with-gmp=/afs/.cern.ch/sw/lcg/external/gmp//i686-slc5-gcc34-opt --with-mpc=/afs/.cern.ch/sw/lcg/external/mpc//i686-slc5-gcc34-opt --enable-lto --with-libelf=/afs/.cern.ch/sw/lcg/external/libelf//i686-slc5-gcc34-opt --with-ppl=/afs/.cern.ch/sw/lcg/external/ppl//i686-slc5-gcc34-opt --with-cloog=/afs/.cern.ch/sw/lcg/external/cloog-ppl//i686-slc5-gcc34-opt --enable-languages=c,c++,fortran
Thread model: posix
gcc version 4.3.5 (GCC) 
configure:3110: $? = 0
configure:3099: g++ -V >&5
g++: '-V' option must have argument
configure:3110: $? = 1
configure:3099: g++ -qversion >&5
g++: unrecognized option '-qversion'
g++: no input files
configure:3110: $? = 1
configure:3130: checking whether the C++ compiler works
configure:3152: g++    conftest.cpp  >&5
configure:3156: $? = 0
configure:3204: result: yes
configure:3207: checking for C++ compiler default output file name
configure:3209: result: a.out
configure:3215: checking for suffix of executables
configure:3222: g++ -o conftest    conftest.cpp  >&5
configure:3226: $? = 0
configure:3248: result: 
configure:3270: checking whether we are cross compiling
configure:3278: g++ -o conftest    conftest.cpp  >&5
configure:3282: $? = 0
configure:3289: ./conftest
configure:3293: $? = 0
configure:3308: result: no
configure:3313: checking for suffix of object files
configure:3335: g++ -c   conftest.cpp >&5
configure:3339: $? = 0
configure:3360: result: o
configure:3364: checking whether we are using the GNU C++ compiler
configure:3383: g++ -c   conftest.cpp >&5
configure:3383: $? = 0
configure:3392: result: yes
configure:3401: checking whether g++ accepts -g
configure:3421: g++ -c -g  conftest.cpp >&5
configure:3421: $? = 0
configure:3462: result: yes
configure:3496: checking for style of include used by make
configure:3524: result: GNU
configure:3549: checking dependency style of g++
configure:3659: result: gcc3
configure:3703: checking build system type
configure:3717: result: i686-pc-linux-gnu
configure:3737: checking host system type
configure:3750: result: i686-pc-linux-gnu
configure:3818: checking for gcc
configure:3834: found /home/osg/manageTier3SW/ATLASLocalRootBase/i686/Gcc/gcc435_i686_slc5/gcc-alt-435/i686-slc5-gcc43-opt/bin/gcc
configure:3845: result: gcc
configure:4074: checking for C compiler version
configure:4083: gcc --version >&5
gcc (GCC) 4.3.5
Copyright (C) 2008 Free Software Foundation, Inc.
This is free software; see the source for copying conditions.  There is NO
warranty; not even for MERCHANTABILITY or FITNESS FOR A PARTICULAR PURPOSE.

configure:4094: $? = 0
configure:4083: gcc -v >&5
Using built-in specs.
Target: i686-pc-linux-gnu
Configured with: /build/hegner/LCGCMT/work/gcc-4.3.5/configure --prefix=/afs/.cern.ch/sw/lcg/contrib/gcc/4.3.5/i686-slc5-gcc34-opt --with-mpfr=/afs/.cern.ch/sw/lcg/external/mpfr//i686-slc5-gcc34-opt --with-gmp=/afs/.cern.ch/sw/lcg/external/gmp//i686-slc5-gcc34-opt --with-mpc=/afs/.cern.ch/sw/lcg/external/mpc//i686-slc5-gcc34-opt --enable-lto --with-libelf=/afs/.cern.ch/sw/lcg/external/libelf//i686-slc5-gcc34-opt --with-ppl=/afs/.cern.ch/sw/lcg/external/ppl//i686-slc5-gcc34-opt --with-cloog=/afs/.cern.ch/sw/lcg/external/cloog-ppl//i686-slc5-gcc34-opt --enable-languages=c,c++,fortran
Thread model: posix
gcc version 4.3.5 (GCC) 
configure:4094: $? = 0
configure:4083: gcc -V >&5
gcc: '-V' option must have argument
configure:4094: $? = 1
configure:4083: gcc -qversion >&5
gcc: unrecognized option '-qversion'
gcc: no input files
configure:4094: $? = 1
configure:4098: checking whether we are using the GNU C compiler
configure:4117: gcc -c   conftest.c >&5
configure:4117: $? = 0
configure:4126: result: yes
configure:4135: checking whether gcc accepts -g
configure:4155: gcc -c -g  conftest.c >&5
configure:4155: $? = 0
configure:4196: result: yes
configure:4213: checking for gcc option to accept ISO C89
configure:4277: gcc  -c   conftest.c >&5
configure:4277: $? = 0
configure:4290: result: none needed
configure:4312: checking dependency style of gcc
configure:4422: result: gcc3
configure:4437: checking for a sed that does not truncate output
configure:4501: result: /bin/sed
configure:4519: checking for grep that handles long lines and -e
configure:4577: result: /bin/grep
configure:4582: checking for egrep
configure:4644: result: /bin/grep -E
configure:4649: checking for fgrep
configure:4711: result: /bin/grep -F
configure:4746: checking for ld used by gcc
configure:4813: result: /usr/bin/ld
configure:4820: checking if the linker (/usr/bin/ld) is GNU ld
configure:4835: result: yes
configure:4847: checking for BSD- or MS-compatible name lister (nm)
configure:4896: result: /usr/bin/nm -B
configure:5014: checking the name lister (/usr/bin/nm -B) interface
configure:5021: gcc -c   conftest.c >&5
configure:5024: /usr/bin/nm -B "conftest.o"
configure:5027: output
00000000 B some_variable
configure:5034: result: BSD nm
configure:5037: checking whether ln -s works
configure:5041: result: yes
configure:5049: checking the maximum length of command line arguments
configure:5169: result: 98304
configure:5186: checking whether the shell understands some XSI constructs
configure:5196: result: yes
configure:5200: checking whether the shell understands "+="
configure:5206: result: yes
configure:5241: checking for /usr/bin/ld option to reload object files
configure:5248: result: -r
configure:5317: checking for objdump
configure:5333: found /usr/bin/objdump
configure:5344: result: objdump
configure:5376: checking how to recognize dependent libraries
configure:5572: result: pass_all
configure:5632: checking for ar
configure:5648: found /usr/bin/ar
configure:5659: result: ar
configure:5737: checking for strip
configure:5753: found /usr/bin/strip
configure:5764: result: strip
configure:5836: checking for ranlib
configure:5852: found /usr/bin/ranlib
configure:5863: result: ranlib
configure:5953: checking command to parse /usr/bin/nm -B output from gcc object
configure:6071: gcc -c   conftest.c >&5
configure:6074: $? = 0
configure:6078: /usr/bin/nm -B conftest.o \| sed -n -e 's/^.*[	 ]\([ABCDGIRSTW][ABCDGIRSTW]*\)[	 ][	 ]*\([_A-Za-z][_A-Za-z0-9]*\)$/\1 \2 \2/p' \> conftest.nm
configure:6081: $? = 0
configure:6135: gcc -o conftest    conftest.c conftstm.o >&5
configure:6138: $? = 0
configure:6176: result: ok
configure:6985: checking how to run the C preprocessor
configure:7016: gcc -E  conftest.c
configure:7016: $? = 0
configure:7030: gcc -E  conftest.c
conftest.c:11:28: error: ac_nonexistent.h: No such file or directory
configure:7030: $? = 1
configure: failed program was:
| /* confdefs.h */
| #define PACKAGE_NAME ""
| #define PACKAGE_TARNAME ""
| #define PACKAGE_VERSION ""
| #define PACKAGE_STRING ""
| #define PACKAGE_BUGREPORT ""
| #define PACKAGE_URL ""
| #define PACKAGE "BAT"
| #define VERSION "0.9.2"
| /* end confdefs.h.  */
| #include <ac_nonexistent.h>
configure:7055: result: gcc -E
configure:7075: gcc -E  conftest.c
configure:7075: $? = 0
configure:7089: gcc -E  conftest.c
conftest.c:11:28: error: ac_nonexistent.h: No such file or directory
configure:7089: $? = 1
configure: failed program was:
| /* confdefs.h */
| #define PACKAGE_NAME ""
| #define PACKAGE_TARNAME ""
| #define PACKAGE_VERSION ""
| #define PACKAGE_STRING ""
| #define PACKAGE_BUGREPORT ""
| #define PACKAGE_URL ""
| #define PACKAGE "BAT"
| #define VERSION "0.9.2"
| /* end confdefs.h.  */
| #include <ac_nonexistent.h>
configure:7118: checking for ANSI C header files
configure:7138: gcc -c   conftest.c >&5
configure:7138: $? = 0
configure:7211: gcc -o conftest    conftest.c  >&5
configure:7211: $? = 0
configure:7211: ./conftest
configure:7211: $? = 0
configure:7222: result: yes
configure:7235: checking for sys/types.h
configure:7235: gcc -c   conftest.c >&5
configure:7235: $? = 0
configure:7235: result: yes
configure:7235: checking for sys/stat.h
configure:7235: gcc -c   conftest.c >&5
configure:7235: $? = 0
configure:7235: result: yes
configure:7235: checking for stdlib.h
configure:7235: gcc -c   conftest.c >&5
configure:7235: $? = 0
configure:7235: result: yes
configure:7235: checking for string.h
configure:7235: gcc -c   conftest.c >&5
configure:7235: $? = 0
configure:7235: result: yes
configure:7235: checking for memory.h
configure:7235: gcc -c   conftest.c >&5
configure:7235: $? = 0
configure:7235: result: yes
configure:7235: checking for strings.h
configure:7235: gcc -c   conftest.c >&5
configure:7235: $? = 0
configure:7235: result: yes
configure:7235: checking for inttypes.h
configure:7235: gcc -c   conftest.c >&5
configure:7235: $? = 0
configure:7235: result: yes
configure:7235: checking for stdint.h
configure:7235: gcc -c   conftest.c >&5
configure:7235: $? = 0
configure:7235: result: yes
configure:7235: checking for unistd.h
configure:7235: gcc -c   conftest.c >&5
configure:7235: $? = 0
configure:7235: result: yes
configure:7249: checking for dlfcn.h
configure:7249: gcc -c   conftest.c >&5
configure:7249: $? = 0
configure:7249: result: yes
configure:7374: checking for C++ compiler version
configure:7383: g++ --version >&5
g++ (GCC) 4.3.5
Copyright (C) 2008 Free Software Foundation, Inc.
This is free software; see the source for copying conditions.  There is NO
warranty; not even for MERCHANTABILITY or FITNESS FOR A PARTICULAR PURPOSE.

configure:7394: $? = 0
configure:7383: g++ -v >&5
Using built-in specs.
Target: i686-pc-linux-gnu
Configured with: /build/hegner/LCGCMT/work/gcc-4.3.5/configure --prefix=/afs/.cern.ch/sw/lcg/contrib/gcc/4.3.5/i686-slc5-gcc34-opt --with-mpfr=/afs/.cern.ch/sw/lcg/external/mpfr//i686-slc5-gcc34-opt --with-gmp=/afs/.cern.ch/sw/lcg/external/gmp//i686-slc5-gcc34-opt --with-mpc=/afs/.cern.ch/sw/lcg/external/mpc//i686-slc5-gcc34-opt --enable-lto --with-libelf=/afs/.cern.ch/sw/lcg/external/libelf//i686-slc5-gcc34-opt --with-ppl=/afs/.cern.ch/sw/lcg/external/ppl//i686-slc5-gcc34-opt --with-cloog=/afs/.cern.ch/sw/lcg/external/cloog-ppl//i686-slc5-gcc34-opt --enable-languages=c,c++,fortran
Thread model: posix
gcc version 4.3.5 (GCC) 
configure:7394: $? = 0
configure:7383: g++ -V >&5
g++: '-V' option must have argument
configure:7394: $? = 1
configure:7383: g++ -qversion >&5
g++: unrecognized option '-qversion'
g++: no input files
configure:7394: $? = 1
configure:7398: checking whether we are using the GNU C++ compiler
configure:7426: result: yes
configure:7435: checking whether g++ accepts -g
configure:7496: result: yes
configure:7521: checking dependency style of g++
configure:7631: result: gcc3
configure:7654: checking how to run the C++ preprocessor
configure:7681: g++ -E  conftest.cpp
configure:7681: $? = 0
configure:7695: g++ -E  conftest.cpp
conftest.cpp:22:28: error: ac_nonexistent.h: No such file or directory
configure:7695: $? = 1
configure: failed program was:
| /* confdefs.h */
| #define PACKAGE_NAME ""
| #define PACKAGE_TARNAME ""
| #define PACKAGE_VERSION ""
| #define PACKAGE_STRING ""
| #define PACKAGE_BUGREPORT ""
| #define PACKAGE_URL ""
| #define PACKAGE "BAT"
| #define VERSION "0.9.2"
| #define STDC_HEADERS 1
| #define HAVE_SYS_TYPES_H 1
| #define HAVE_SYS_STAT_H 1
| #define HAVE_STDLIB_H 1
| #define HAVE_STRING_H 1
| #define HAVE_MEMORY_H 1
| #define HAVE_STRINGS_H 1
| #define HAVE_INTTYPES_H 1
| #define HAVE_STDINT_H 1
| #define HAVE_UNISTD_H 1
| #define HAVE_DLFCN_H 1
| /* end confdefs.h.  */
| #include <ac_nonexistent.h>
configure:7720: result: g++ -E
configure:7740: g++ -E  conftest.cpp
configure:7740: $? = 0
configure:7754: g++ -E  conftest.cpp
conftest.cpp:22:28: error: ac_nonexistent.h: No such file or directory
configure:7754: $? = 1
configure: failed program was:
| /* confdefs.h */
| #define PACKAGE_NAME ""
| #define PACKAGE_TARNAME ""
| #define PACKAGE_VERSION ""
| #define PACKAGE_STRING ""
| #define PACKAGE_BUGREPORT ""
| #define PACKAGE_URL ""
| #define PACKAGE "BAT"
| #define VERSION "0.9.2"
| #define STDC_HEADERS 1
| #define HAVE_SYS_TYPES_H 1
| #define HAVE_SYS_STAT_H 1
| #define HAVE_STDLIB_H 1
| #define HAVE_STRING_H 1
| #define HAVE_MEMORY_H 1
| #define HAVE_STRINGS_H 1
| #define HAVE_INTTYPES_H 1
| #define HAVE_STDINT_H 1
| #define HAVE_UNISTD_H 1
| #define HAVE_DLFCN_H 1
| /* end confdefs.h.  */
| #include <ac_nonexistent.h>
configure:7960: checking for objdir
configure:7975: result: .libs
configure:8267: checking if gcc supports -fno-rtti -fno-exceptions
configure:8285: gcc -c   -fno-rtti -fno-exceptions conftest.c >&5
cc1: warning: command line option "-fno-rtti" is valid for C++/ObjC++ but not for C
configure:8289: $? = 0
configure:8302: result: no
configure:8322: checking for gcc option to produce PIC
configure:8594: result: -fPIC -DPIC
configure:8606: checking if gcc PIC flag -fPIC -DPIC works
configure:8624: gcc -c   -fPIC -DPIC -DPIC conftest.c >&5
configure:8628: $? = 0
configure:8641: result: yes
configure:8665: checking if gcc static flag -static works
configure:8693: result: yes
configure:8708: checking if gcc supports -c -o file.o
configure:8729: gcc -c   -o out/conftest2.o conftest.c >&5
configure:8733: $? = 0
configure:8755: result: yes
configure:8763: checking if gcc supports -c -o file.o
configure:8810: result: yes
configure:8843: checking whether the gcc linker (/usr/bin/ld) supports shared libraries
configure:9834: result: yes
configure:9871: checking whether -lc should be explicitly linked in
configure:9876: gcc -c   conftest.c >&5
configure:9879: $? = 0
configure:9894: gcc -shared conftest.o  -v -Wl,-soname -Wl,conftest -o conftest 2\>\&1 \| /bin/grep  -lc  \>/dev/null 2\>\&1
configure:9897: $? = 0
configure:9909: result: no
configure:10073: checking dynamic linker characteristics
configure:10506: gcc -o conftest    -Wl,-rpath -Wl,/foo conftest.c  >&5
configure:10506: $? = 0
configure:10736: result: GNU/Linux ld.so
configure:10838: checking how to hardcode library paths into programs
configure:10863: result: immediate
configure:11383: checking whether stripping libraries is possible
configure:11388: result: yes
configure:11423: checking if libtool supports shared libraries
configure:11425: result: yes
configure:11428: checking whether to build shared libraries
configure:11449: result: yes
configure:11452: checking whether to build static libraries
configure:11456: result: yes
configure:11606: checking for ld used by g++
configure:11673: result: /usr/bin/ld
configure:11680: checking if the linker (/usr/bin/ld) is GNU ld
configure:11695: result: yes
configure:11750: checking whether the g++ linker (/usr/bin/ld) supports shared libraries
configure:12663: result: yes
configure:12691: g++ -c   conftest.cpp >&5
configure:12694: $? = 0
configure:12876: checking for g++ option to produce PIC
configure:13193: result: -fPIC -DPIC
configure:13202: checking if g++ PIC flag -fPIC -DPIC works
configure:13220: g++ -c   -fPIC -DPIC -DPIC conftest.cpp >&5
configure:13224: $? = 0
configure:13237: result: yes
configure:13258: checking if g++ static flag -static works
configure:13286: result: yes
configure:13298: checking if g++ supports -c -o file.o
configure:13319: g++ -c   -o out/conftest2.o conftest.cpp >&5
configure:13323: $? = 0
configure:13345: result: yes
configure:13350: checking if g++ supports -c -o file.o
configure:13397: result: yes
configure:13427: checking whether the g++ linker (/usr/bin/ld) supports shared libraries
configure:13456: result: yes
configure:13593: checking dynamic linker characteristics
configure:13974: g++ -o conftest    -Wl,-rpath -Wl,/foo conftest.cpp  >&5
configure:13974: $? = 0
configure:14204: result: GNU/Linux ld.so
configure:14255: checking how to hardcode library paths into programs
configure:14280: result: immediate
configure:14338: checking for ANSI C header files
configure:14442: result: yes
configure:14456: checking for utime.h
configure:14456: gcc -c   conftest.c >&5
configure:14456: $? = 0
configure:14456: result: yes
configure:14470: checking whether utime accepts a null argument
configure:14499: gcc -o conftest    conftest.c  >&5
configure:14499: $? = 0
configure:14499: ./conftest
configure:14499: $? = 0
configure:14509: result: yes
configure:14733: checking for root-config
configure:14751: found /home/osg/manageTier3SW/ATLASLocalRootBase/i686/root/5.34.07-i686-slc5-gcc4.3/bin/root-config
configure:14764: result: /home/osg/manageTier3SW/ATLASLocalRootBase/i686/root/5.34.07-i686-slc5-gcc4.3/bin/root-config
configure:14774: checking for root
configure:14792: found /home/osg/manageTier3SW/ATLASLocalRootBase/i686/root/5.34.07-i686-slc5-gcc4.3/bin/root
configure:14805: result: /home/osg/manageTier3SW/ATLASLocalRootBase/i686/root/5.34.07-i686-slc5-gcc4.3/bin/root
configure:14815: checking for rootcint
configure:14833: found /home/osg/manageTier3SW/ATLASLocalRootBase/i686/root/5.34.07-i686-slc5-gcc4.3/bin/rootcint
configure:14846: result: /home/osg/manageTier3SW/ATLASLocalRootBase/i686/root/5.34.07-i686-slc5-gcc4.3/bin/rootcint
configure:14869: checking whether ROOT version >= 5.22
configure:14879: result: yes
configure:15160: creating ./config.status

## ---------------------- ##
## Running config.status. ##
## ---------------------- ##

This file was extended by config.status, which was
generated by GNU Autoconf 2.67.  Invocation command line was

  CONFIG_FILES    = 
  CONFIG_HEADERS  = 
  CONFIG_LINKS    = 
  CONFIG_COMMANDS = 
  $ ./config.status 

on lx2.hep.uiuc.edu

config.status:1172: creating Makefile
config.status:1172: creating src/Makefile
config.status:1172: creating models/base/Makefile
config.status:1172: creating models/mtf/Makefile
config.status:1172: creating examples/basic/binomial/Makefile
config.status:1172: creating examples/basic/combination1d/Makefile
config.status:1172: creating examples/basic/combination2d/Makefile
config.status:1172: creating examples/basic/errorpropagation/Makefile
config.status:1172: creating examples/basic/poisson/Makefile
config.status:1172: creating examples/basic/rootOutput/Makefile
config.status:1172: creating examples/advanced/polynomialfit/Makefile
config.status:1172: creating examples/advanced/roointerface/Makefile
config.status:1172: creating examples/advanced/templatefitter/0nubb/Makefile
config.status:1172: creating examples/advanced/templatefitter/Whel/Makefile
config.status:1172: creating examples/advanced/templatefitter/hypothesis/Makefile
config.status:1172: creating examples/advanced/mtf/systematics/Makefile
config.status:1172: creating examples/expert/TrialFunction/Makefile
config.status:1172: creating tools/CreateProject.sh
config.status:1172: creating config.h
config.status:1352: config.h is unchanged
config.status:1400: executing depfiles commands
config.status:1400: executing libtool commands
config.status:1400: executing default commands

## ---------------- ##
## Cache variables. ##
## ---------------- ##

ac_cv_build=i686-pc-linux-gnu
ac_cv_c_compiler_gnu=yes
ac_cv_cxx_compiler_gnu=yes
ac_cv_env_CCC_set=
ac_cv_env_CCC_value=
ac_cv_env_CC_set=
ac_cv_env_CC_value=
ac_cv_env_CFLAGS_set=
ac_cv_env_CFLAGS_value=
ac_cv_env_CPPFLAGS_set=
ac_cv_env_CPPFLAGS_value=
ac_cv_env_CPP_set=
ac_cv_env_CPP_value=
ac_cv_env_CXXCPP_set=
ac_cv_env_CXXCPP_value=
ac_cv_env_CXXFLAGS_set=
ac_cv_env_CXXFLAGS_value=
ac_cv_env_CXX_set=
ac_cv_env_CXX_value=
ac_cv_env_LDFLAGS_set=
ac_cv_env_LDFLAGS_value=
ac_cv_env_LIBS_set=
ac_cv_env_LIBS_value=
ac_cv_env_build_alias_set=
ac_cv_env_build_alias_value=
ac_cv_env_host_alias_set=
ac_cv_env_host_alias_value=
ac_cv_env_target_alias_set=
ac_cv_env_target_alias_value=
ac_cv_func_utime_null=yes
ac_cv_header_dlfcn_h=yes
ac_cv_header_inttypes_h=yes
ac_cv_header_memory_h=yes
ac_cv_header_stdc=yes
ac_cv_header_stdint_h=yes
ac_cv_header_stdlib_h=yes
ac_cv_header_string_h=yes
ac_cv_header_strings_h=yes
ac_cv_header_sys_stat_h=yes
ac_cv_header_sys_types_h=yes
ac_cv_header_unistd_h=yes
ac_cv_header_utime_h=yes
ac_cv_host=i686-pc-linux-gnu
ac_cv_objext=o
ac_cv_path_EGREP='/bin/grep -E'
ac_cv_path_FGREP='/bin/grep -F'
ac_cv_path_GREP=/bin/grep
ac_cv_path_ROOTCINT=/home/osg/manageTier3SW/ATLASLocalRootBase/i686/root/5.34.07-i686-slc5-gcc4.3/bin/rootcint
ac_cv_path_ROOTCONF=/home/osg/manageTier3SW/ATLASLocalRootBase/i686/root/5.34.07-i686-slc5-gcc4.3/bin/root-config
ac_cv_path_ROOTEXEC=/home/osg/manageTier3SW/ATLASLocalRootBase/i686/root/5.34.07-i686-slc5-gcc4.3/bin/root
ac_cv_path_SED=/bin/sed
ac_cv_path_install='/usr/bin/install -c'
ac_cv_path_mkdir=/bin/mkdir
ac_cv_prog_AWK=gawk
ac_cv_prog_CPP='gcc -E'
ac_cv_prog_CXXCPP='g++ -E'
ac_cv_prog_ac_ct_AR=ar
ac_cv_prog_ac_ct_CC=gcc
ac_cv_prog_ac_ct_CXX=g++
ac_cv_prog_ac_ct_OBJDUMP=objdump
ac_cv_prog_ac_ct_RANLIB=ranlib
ac_cv_prog_ac_ct_STRIP=strip
ac_cv_prog_cc_c89=
ac_cv_prog_cc_g=yes
ac_cv_prog_cxx_g=yes
ac_cv_prog_make_make_set=yes
am_cv_CC_dependencies_compiler_type=gcc3
am_cv_CXX_dependencies_compiler_type=gcc3
lt_cv_deplibs_check_method=pass_all
lt_cv_file_magic_cmd='$MAGIC_CMD'
lt_cv_file_magic_test_file=
lt_cv_ld_reload_flag=-r
lt_cv_nm_interface='BSD nm'
lt_cv_objdir=.libs
lt_cv_path_LD=/usr/bin/ld
lt_cv_path_LDCXX=/usr/bin/ld
lt_cv_path_NM='/usr/bin/nm -B'
lt_cv_prog_compiler_c_o=yes
lt_cv_prog_compiler_c_o_CXX=yes
lt_cv_prog_compiler_pic_works=yes
lt_cv_prog_compiler_pic_works_CXX=yes
lt_cv_prog_compiler_rtti_exceptions=no
lt_cv_prog_compiler_static_works=yes
lt_cv_prog_compiler_static_works_CXX=yes
lt_cv_prog_gnu_ld=yes
lt_cv_prog_gnu_ldcxx=yes
lt_cv_sys_global_symbol_pipe='sed -n -e '\''s/^.*[	 ]\([ABCDGIRSTW][ABCDGIRSTW]*\)[	 ][	 ]*\([_A-Za-z][_A-Za-z0-9]*\)$/\1 \2 \2/p'\'''
lt_cv_sys_global_symbol_to_c_name_address='sed -n -e '\''s/^: \([^ ]*\) $/  {\"\1\", (void *) 0},/p'\'' -e '\''s/^[ABCDGIRSTW]* \([^ ]*\) \([^ ]*\)$/  {"\2", (void *) \&\2},/p'\'''
lt_cv_sys_global_symbol_to_c_name_address_lib_prefix='sed -n -e '\''s/^: \([^ ]*\) $/  {\"\1\", (void *) 0},/p'\'' -e '\''s/^[ABCDGIRSTW]* \([^ ]*\) \(lib[^ ]*\)$/  {"\2", (void *) \&\2},/p'\'' -e '\''s/^[ABCDGIRSTW]* \([^ ]*\) \([^ ]*\)$/  {"lib\2", (void *) \&\2},/p'\'''
lt_cv_sys_global_symbol_to_cdecl='sed -n -e '\''s/^T .* \(.*\)$/extern int \1();/p'\'' -e '\''s/^[ABCDGIRSTW]* .* \(.*\)$/extern char \1;/p'\'''
lt_cv_sys_max_cmd_len=98304

## ----------------- ##
## Output variables. ##
## ----------------- ##

ACLOCAL='${SHELL} /home/atlas/thomps51/ttH/Test/BAT-0.9.2/missing --run aclocal-1.11'
AMDEPBACKSLASH='\'
AMDEP_FALSE='#'
AMDEP_TRUE=''
AMTAR='${SHELL} /home/atlas/thomps51/ttH/Test/BAT-0.9.2/missing --run tar'
AR='ar'
AUTOCONF='${SHELL} /home/atlas/thomps51/ttH/Test/BAT-0.9.2/missing --run autoconf'
AUTOHEADER='${SHELL} /home/atlas/thomps51/ttH/Test/BAT-0.9.2/missing --run autoheader'
AUTOMAKE='${SHELL} /home/atlas/thomps51/ttH/Test/BAT-0.9.2/missing --run automake-1.11'
AWK='gawk'
CC='gcc'
CCDEPMODE='depmode=gcc3'
CFLAGS=''
CPP='gcc -E'
CPPFLAGS=''
CUBAINCLUDE=''
CUBALIB=''
CUBA_FALSE=''
CUBA_TRUE='#'
CXX='g++'
CXXCPP='g++ -E'
CXXDEPMODE='depmode=gcc3'
CXXFLAGS=''
CYGPATH_W='echo'
DEBUG_FALSE=''
DEBUG_TRUE='#'
DEFS='-DHAVE_CONFIG_H'
DEPDIR='.deps'
DSYMUTIL=''
DUMPBIN=''
ECHO_C=''
ECHO_N='-n'
ECHO_T=''
EGREP='/bin/grep -E'
EXEEXT=''
FGREP='/bin/grep -F'
GREP='/bin/grep'
INSTALL_DATA='${INSTALL} -m 644'
INSTALL_PROGRAM='${INSTALL}'
INSTALL_SCRIPT='${INSTALL}'
INSTALL_STRIP_PROGRAM='$(install_sh) -c -s'
IS_DARWIN_FALSE=''
IS_DARWIN_TRUE='#'
LD='/usr/bin/ld'
LDFLAGS=''
LIBOBJS=''
LIBS=''
LIBTOOL='$(SHELL) $(top_builddir)/libtool'
LIPO=''
LN_S='ln -s'
LTLIBOBJS=''
MAKEINFO='${SHELL} /home/atlas/thomps51/ttH/Test/BAT-0.9.2/missing --run makeinfo'
MKDIR_P='/bin/mkdir -p'
NM='/usr/bin/nm -B'
NMEDIT=''
OBJDUMP='objdump'
OBJEXT='o'
OTOOL64=''
OTOOL=''
PACKAGE='BAT'
PACKAGE_BUGREPORT=''
PACKAGE_NAME=''
PACKAGE_STRING=''
PACKAGE_TARNAME=''
PACKAGE_URL=''
PACKAGE_VERSION=''
PATH_SEPARATOR=':'
RANLIB='ranlib'
ROOSTATS_FALSE=''
ROOSTATS_TRUE='#'
ROOTAUXCFLAGS='-pthread -m32'
ROOTAUXLIBS='-pthread -lm -ldl -rdynamic'
ROOTCFLAGS='-I/home/osg/manageTier3SW/ATLASLocalRootBase/i686/root/5.34.07-i686-slc5-gcc4.3/include'
ROOTCINT='/home/osg/manageTier3SW/ATLASLocalRootBase/i686/root/5.34.07-i686-slc5-gcc4.3/bin/rootcint'
ROOTCONF='/home/osg/manageTier3SW/ATLASLocalRootBase/i686/root/5.34.07-i686-slc5-gcc4.3/bin/root-config'
ROOTEXEC='/home/osg/manageTier3SW/ATLASLocalRootBase/i686/root/5.34.07-i686-slc5-gcc4.3/bin/root'
ROOTGLIBS='-lGui -lCore -lCint -lRIO -lNet -lHist -lGraf -lGraf3d -lGpad -lTree -lRint -lPostscript -lMatrix -lPhysics -lMathCore -lThread'
ROOTINCDIR='/home/osg/manageTier3SW/ATLASLocalRootBase/i686/root/5.34.07-i686-slc5-gcc4.3/include'
ROOTLIBDIR='/home/osg/manageTier3SW/ATLASLocalRootBase/i686/root/5.34.07-i686-slc5-gcc4.3/lib'
ROOTLIBS='-lCore -lCint -lRIO -lNet -lHist -lGraf -lGraf3d -lGpad -lTree -lRint -lPostscript -lMatrix -lPhysics -lMathCore -lThread'
ROOTRPATH='/home/osg/manageTier3SW/ATLASLocalRootBase/i686/root/5.34.07-i686-slc5-gcc4.3/lib'
SED='/bin/sed'
SET_MAKE=''
SHELL='/bin/sh'
STRIP='strip'
VERSION='0.9.2'
ac_ct_CC='gcc'
ac_ct_CXX='g++'
ac_ct_DUMPBIN=''
am__EXEEXT_FALSE=''
am__EXEEXT_TRUE='#'
am__fastdepCC_FALSE='#'
am__fastdepCC_TRUE=''
am__fastdepCXX_FALSE='#'
am__fastdepCXX_TRUE=''
am__include='include'
am__isrc=''
am__leading_dot='.'
am__quote=''
am__tar='${AMTAR} chof - "$$tardir"'
am__untar='${AMTAR} xf -'
bindir='${exec_prefix}/bin'
build='i686-pc-linux-gnu'
build_alias=''
build_cpu='i686'
build_os='linux-gnu'
build_vendor='pc'
datadir='${datarootdir}'
datarootdir='${prefix}/share'
docdir='${datarootdir}/doc/${PACKAGE}'
dvidir='${docdir}'
exec_prefix='${prefix}'
host='i686-pc-linux-gnu'
host_alias=''
host_cpu='i686'
host_os='linux-gnu'
host_vendor='pc'
htmldir='${docdir}'
includedir='${prefix}/include'
infodir='${datarootdir}/info'
install_sh='${SHELL} /home/atlas/thomps51/ttH/Test/BAT-0.9.2/install-sh'
libdir='${exec_prefix}/lib'
libexecdir='${exec_prefix}/libexec'
localedir='${datarootdir}/locale'
localstatedir='${prefix}/var'
lt_ECHO='echo'
mandir='${datarootdir}/man'
mkdir_p='/bin/mkdir -p'
oldincludedir='/usr/include'
pdfdir='${docdir}'
prefix='/home/atlas/thomps51/ttH/Test'
program_transform_name='s,x,x,'
psdir='${docdir}'
sbindir='${exec_prefix}/sbin'
sharedstatedir='${prefix}/com'
sysconfdir='${prefix}/etc'
target_alias=''

## ----------- ##
## confdefs.h. ##
## ----------- ##

/* confdefs.h */
#define PACKAGE_NAME ""
#define PACKAGE_TARNAME ""
#define PACKAGE_VERSION ""
#define PACKAGE_STRING ""
#define PACKAGE_BUGREPORT ""
#define PACKAGE_URL ""
#define PACKAGE "BAT"
#define VERSION "0.9.2"
#define STDC_HEADERS 1
#define HAVE_SYS_TYPES_H 1
#define HAVE_SYS_STAT_H 1
#define HAVE_STDLIB_H 1
#define HAVE_STRING_H 1
#define HAVE_MEMORY_H 1
#define HAVE_STRINGS_H 1
#define HAVE_INTTYPES_H 1
#define HAVE_STDINT_H 1
#define HAVE_UNISTD_H 1
#define HAVE_DLFCN_H 1
#define LT_OBJDIR ".libs/"
#define STDC_HEADERS 1
#define HAVE_UTIME_H 1
#define HAVE_UTIME_NULL 1

configure: exit 0
